<?xml version="1.0" encoding="UTF-8"?>
<!-- Generated by org.testng.reporters.JUnitReportReporter -->
<testsuite skipped="0" hostname="LAPTOP-RVI76CRO" name="testCases.ReadAllProducts" tests="1" failures="0" timestamp="09 Nov 2022 08:49:44 GMT" time="2.543" errors="0">
  <testcase name="readAllProducts" time="2.543" classname="testCases.ReadAllProducts"/>
</testsuite> <!-- testCases.ReadAllProducts -->
